This file contains any messages produced by compilers while
running configure, to aid debugging if configure makes a mistake.

It was created by configure, which was
generated by GNU Autoconf 2.58.  Invocation command line was

  $ ./configure --with-opengl

## --------- ##
## Platform. ##
## --------- ##

hostname = MorphMini
uname -m = powerpc
uname -r = 3.9
uname -s = MorphOS
uname -v = 51.39

/usr/bin/uname -p = unknown
/bin/uname -X     = unknown

/bin/arch              = unknown
/usr/bin/arch -k       = unknown
/usr/convex/getsysinfo = unknown
hostinfo               = unknown
/bin/machine           = unknown
/usr/bin/oslevel       = unknown
/bin/universe          = unknown

PATH: .
PATH: /bin
PATH: /usr/bin
PATH: /usr/local/bin
PATH: /c
PATH: .


## ----------- ##
## Core tests. ##
## ----------- ##

configure:1360: checking for gcc
configure:1376: found /bin/gcc
configure:1386: result: gcc
configure:1630: checking for C compiler version
configure:1633: gcc --version </dev/null >&5
2.95.3
configure:1636: $? = 0
configure:1638: gcc -v </dev/null >&5
Reading specs from /gg/lib/gcc-lib/ppc-morphos/2.95.3/specs
gcc version 2.95.3 20050425 (release/emm-zapek-cisc)
configure:1641: $? = 0
configure:1643: gcc -V </dev/null >&5
gcc: argument to `-V' is missing
configure:1646: $? = 1
configure:1669: checking for C compiler default output file name
configure:1672: gcc -warpup -O2 -mcpu=750 -mmultiple -I/gg/os-includeppc -I/usr/local/include -L/usr/local/lib -L/gg/ppc-amigaos/lib conftest.c  >&5
configure:1675: $? = 0
configure:1721: result: a.out
configure:1726: checking whether the C compiler works
configure:1732: ./a.out
configure:1735: $? = 0
configure:1752: result: yes
configure:1759: checking whether we are cross compiling
configure:1761: result: no
configure:1764: checking for suffix of executables
configure:1766: gcc -o conftest -warpup -O2 -mcpu=750 -mmultiple -I/gg/os-includeppc -I/usr/local/include -L/usr/local/lib -L/gg/ppc-amigaos/lib conftest.c  >&5
configure:1769: $? = 0
configure:1794: result: 
configure:1800: checking for suffix of object files
configure:1821: gcc -c -warpup -O2 -mcpu=750 -mmultiple -I/gg/os-includeppc -I/usr/local/include -L/usr/local/lib conftest.c >&5
configure:1824: $? = 0
configure:1846: result: o
configure:1850: checking whether we are using the GNU C compiler
configure:1874: gcc -c -warpup -O2 -mcpu=750 -mmultiple -I/gg/os-includeppc -I/usr/local/include -L/usr/local/lib conftest.c >&5
configure:1880: $? = 0
configure:1884: test -z 
			 || test ! -s conftest.err
configure:1887: $? = 0
configure:1890: test -s conftest.o
configure:1893: $? = 0
configure:1906: result: yes
configure:1912: checking whether gcc accepts -g
configure:1933: gcc -c -g -I/gg/os-includeppc -I/usr/local/include -L/usr/local/lib conftest.c >&5
configure:1939: $? = 0
configure:1943: test -z 
			 || test ! -s conftest.err
configure:1946: $? = 0
configure:1949: test -s conftest.o
configure:1952: $? = 0
configure:1963: result: yes
configure:1980: checking for gcc option to accept ANSI C
configure:2050: gcc  -c -warpup -O2 -mcpu=750 -mmultiple -I/gg/os-includeppc -I/usr/local/include -L/usr/local/lib conftest.c >&5
configure:2056: $? = 0
configure:2060: test -z 
			 || test ! -s conftest.err
configure:2063: $? = 0
configure:2066: test -s conftest.o
configure:2069: $? = 0
configure:2087: result: none needed
configure:2105: gcc -c -warpup -O2 -mcpu=750 -mmultiple -I/gg/os-includeppc -I/usr/local/include -L/usr/local/lib conftest.c >&5
conftest.c:2: parse error before `me'
configure:2111: $? = 1
configure: failed program was:
| #ifndef __cplusplus
|   choke me
| #endif
configure:2250: checking how to run the C preprocessor
configure:2285: gcc -E -I/gg/os-includeppc -I/usr/local/include -L/usr/local/lib conftest.c
configure:2291: $? = 0
configure:2323: gcc -E -I/gg/os-includeppc -I/usr/local/include -L/usr/local/lib conftest.c
conftest.c:9: ac_nonexistent.h: No such file or directory
configure:2329: $? = 1
configure: failed program was:
| /* confdefs.h.  */
| 
| #define PACKAGE_NAME ""
| #define PACKAGE_TARNAME ""
| #define PACKAGE_VERSION ""
| #define PACKAGE_STRING ""
| #define PACKAGE_BUGREPORT ""
| /* end confdefs.h.  */
| #include <ac_nonexistent.h>
configure:2368: result: gcc -E
configure:2392: gcc -E -I/gg/os-includeppc -I/usr/local/include -L/usr/local/lib conftest.c
configure:2398: $? = 0
configure:2430: gcc -E -I/gg/os-includeppc -I/usr/local/include -L/usr/local/lib conftest.c
conftest.c:9: ac_nonexistent.h: No such file or directory
configure:2436: $? = 1
configure: failed program was:
| /* confdefs.h.  */
| 
| #define PACKAGE_NAME ""
| #define PACKAGE_TARNAME ""
| #define PACKAGE_VERSION ""
| #define PACKAGE_STRING ""
| #define PACKAGE_BUGREPORT ""
| /* end confdefs.h.  */
| #include <ac_nonexistent.h>
configure:2480: checking for egrep
configure:2490: result: grep -E
configure:2495: checking for ANSI C header files
configure:2520: gcc -c -warpup -O2 -mcpu=750 -mmultiple -I/gg/os-includeppc -I/usr/local/include -L/usr/local/lib conftest.c >&5
configure:2526: $? = 0
configure:2530: test -z 
			 || test ! -s conftest.err
configure:2533: $? = 0
configure:2536: test -s conftest.o
configure:2539: $? = 0
configure:2628: gcc -o conftest -warpup -O2 -mcpu=750 -mmultiple -I/gg/os-includeppc -I/usr/local/include -L/usr/local/lib -L/gg/ppc-amigaos/lib conftest.c  >&5
configure:2631: $? = 0
configure:2633: ./conftest
configure:2636: $? = 2
configure: program exited with status 2
configure: failed program was:
| /* confdefs.h.  */
| 
| #define PACKAGE_NAME ""
| #define PACKAGE_TARNAME ""
| #define PACKAGE_VERSION ""
| #define PACKAGE_STRING ""
| #define PACKAGE_BUGREPORT ""
| /* end confdefs.h.  */
| #include <ctype.h>
| #if ((' ' & 0x0FF) == 0x020)
| # define ISLOWER(c) ('a' <= (c) && (c) <= 'z')
| # define TOUPPER(c) (ISLOWER(c) ? 'A' + ((c) - 'a') : (c))
| #else
| # define ISLOWER(c) 		   (('a' <= (c) && (c) <= 'i') 		     || ('j' <= (c) && (c) <= 'r') 		     || ('s' <= (c) && (c) <= 'z'))
| # define TOUPPER(c) (ISLOWER(c) ? ((c) | 0x40) : (c))
| #endif
| 
| #define XOR(e, f) (((e) && !(f)) || (!(e) && (f)))
| int
| main ()
| {
|   int i;
|   for (i = 0; i < 256; i++)
|     if (XOR (islower (i), ISLOWER (i))
| 	|| toupper (i) != TOUPPER (i))
|       exit(2);
|   exit (0);
| }
configure:2651: result: no
configure:2675: checking for sys/types.h
configure:2691: gcc -c -warpup -O2 -mcpu=750 -mmultiple -I/gg/os-includeppc -I/usr/local/include -L/usr/local/lib conftest.c >&5
configure:2697: $? = 0
configure:2701: test -z 
			 || test ! -s conftest.err
configure:2704: $? = 0
configure:2707: test -s conftest.o
configure:2710: $? = 0
configure:2721: result: yes
configure:2675: checking for sys/stat.h
configure:2691: gcc -c -warpup -O2 -mcpu=750 -mmultiple -I/gg/os-includeppc -I/usr/local/include -L/usr/local/lib conftest.c >&5
configure:2697: $? = 0
configure:2701: test -z 
			 || test ! -s conftest.err
configure:2704: $? = 0
configure:2707: test -s conftest.o
configure:2710: $? = 0
configure:2721: result: yes
configure:2675: checking for stdlib.h
configure:2691: gcc -c -warpup -O2 -mcpu=750 -mmultiple -I/gg/os-includeppc -I/usr/local/include -L/usr/local/lib conftest.c >&5
configure:2697: $? = 0
configure:2701: test -z 
			 || test ! -s conftest.err
configure:2704: $? = 0
configure:2707: test -s conftest.o
configure:2710: $? = 0
configure:2721: result: yes
configure:2675: checking for string.h
configure:2691: gcc -c -warpup -O2 -mcpu=750 -mmultiple -I/gg/os-includeppc -I/usr/local/include -L/usr/local/lib conftest.c >&5
configure:2697: $? = 0
configure:2701: test -z 
			 || test ! -s conftest.err
configure:2704: $? = 0
configure:2707: test -s conftest.o
configure:2710: $? = 0
configure:2721: result: yes
configure:2675: checking for memory.h
configure:2691: gcc -c -warpup -O2 -mcpu=750 -mmultiple -I/gg/os-includeppc -I/usr/local/include -L/usr/local/lib conftest.c >&5
configure:2697: $? = 0
configure:2701: test -z 
			 || test ! -s conftest.err
configure:2704: $? = 0
configure:2707: test -s conftest.o
configure:2710: $? = 0
configure:2721: result: yes
configure:2675: checking for strings.h
configure:2691: gcc -c -warpup -O2 -mcpu=750 -mmultiple -I/gg/os-includeppc -I/usr/local/include -L/usr/local/lib conftest.c >&5
configure:2697: $? = 0
configure:2701: test -z 
			 || test ! -s conftest.err
configure:2704: $? = 0
configure:2707: test -s conftest.o
configure:2710: $? = 0
configure:2721: result: yes
configure:2675: checking for inttypes.h
configure:2691: gcc -c -warpup -O2 -mcpu=750 -mmultiple -I/gg/os-includeppc -I/usr/local/include -L/usr/local/lib conftest.c >&5
configure:2697: $? = 0
configure:2701: test -z 
			 || test ! -s conftest.err
configure:2704: $? = 0
configure:2707: test -s conftest.o
configure:2710: $? = 0
configure:2721: result: yes
configure:2675: checking for stdint.h
configure:2691: gcc -c -warpup -O2 -mcpu=750 -mmultiple -I/gg/os-includeppc -I/usr/local/include -L/usr/local/lib conftest.c >&5
configure:2697: $? = 0
configure:2701: test -z 
			 || test ! -s conftest.err
configure:2704: $? = 0
configure:2707: test -s conftest.o
configure:2710: $? = 0
configure:2721: result: yes
configure:2675: checking for unistd.h
configure:2691: gcc -c -warpup -O2 -mcpu=750 -mmultiple -I/gg/os-includeppc -I/usr/local/include -L/usr/local/lib conftest.c >&5
configure:2697: $? = 0
configure:2701: test -z 
			 || test ! -s conftest.err
configure:2704: $? = 0
configure:2707: test -s conftest.o
configure:2710: $? = 0
configure:2721: result: yes
configure:2747: checking zlib.h usability
configure:2759: gcc -c -warpup -O2 -mcpu=750 -mmultiple -I/gg/os-includeppc -I/usr/local/include -L/usr/local/lib conftest.c >&5
configure:2765: $? = 0
configure:2769: test -z 
			 || test ! -s conftest.err
configure:2772: $? = 0
configure:2775: test -s conftest.o
configure:2778: $? = 0
configure:2788: result: yes
configure:2792: checking zlib.h presence
configure:2802: gcc -E -I/gg/os-includeppc -I/usr/local/include -L/usr/local/lib conftest.c
configure:2808: $? = 0
configure:2828: result: yes
configure:2863: checking for zlib.h
configure:2870: result: yes
configure:2901: checking png.h usability
configure:2913: gcc -c -warpup -O2 -mcpu=750 -mmultiple -I/gg/os-includeppc -I/usr/local/include -L/usr/local/lib conftest.c >&5
configure:2919: $? = 0
configure:2923: test -z 
			 || test ! -s conftest.err
configure:2926: $? = 0
configure:2929: test -s conftest.o
configure:2932: $? = 0
configure:2942: result: yes
configure:2946: checking png.h presence
configure:2956: gcc -E -I/gg/os-includeppc -I/usr/local/include -L/usr/local/lib conftest.c
configure:2962: $? = 0
configure:2982: result: yes
configure:3017: checking for png.h
configure:3024: result: yes
configure:3137: checking for sdl-config
configure:3153: found /bin/sdl-config
configure:3163: result: sdl-config
configure:3252: checking for X
configure:3357: gcc -E -I/gg/os-includeppc -I/usr/local/include -L/usr/local/lib conftest.c
conftest.c:20: X11/Intrinsic.h: No such file or directory
configure:3363: $? = 1
configure: failed program was:
| /* confdefs.h.  */
| 
| #define PACKAGE_NAME ""
| #define PACKAGE_TARNAME ""
| #define PACKAGE_VERSION ""
| #define PACKAGE_STRING ""
| #define PACKAGE_BUGREPORT ""
| #define HAVE_SYS_TYPES_H 1
| #define HAVE_SYS_STAT_H 1
| #define HAVE_STDLIB_H 1
| #define HAVE_STRING_H 1
| #define HAVE_MEMORY_H 1
| #define HAVE_STRINGS_H 1
| #define HAVE_INTTYPES_H 1
| #define HAVE_STDINT_H 1
| #define HAVE_UNISTD_H 1
| #define HAVE_ZLIB_H 1
| #define HAVE_PNG_H 1
| /* end confdefs.h.  */
| #include <X11/Intrinsic.h>
configure:3413: gcc -o conftest -warpup -O2 -mcpu=750 -mmultiple -I/gg/os-includeppc -I/usr/local/include -L/usr/local/lib -L/gg/ppc-amigaos/lib conftest.c -lXt  >&5
conftest.c:20: X11/Intrinsic.h: No such file or directory
configure:3419: $? = 1
configure: failed program was:
| /* confdefs.h.  */
| 
| #define PACKAGE_NAME ""
| #define PACKAGE_TARNAME ""
| #define PACKAGE_VERSION ""
| #define PACKAGE_STRING ""
| #define PACKAGE_BUGREPORT ""
| #define HAVE_SYS_TYPES_H 1
| #define HAVE_SYS_STAT_H 1
| #define HAVE_STDLIB_H 1
| #define HAVE_STRING_H 1
| #define HAVE_MEMORY_H 1
| #define HAVE_STRINGS_H 1
| #define HAVE_INTTYPES_H 1
| #define HAVE_STDINT_H 1
| #define HAVE_UNISTD_H 1
| #define HAVE_ZLIB_H 1
| #define HAVE_PNG_H 1
| /* end confdefs.h.  */
| #include <X11/Intrinsic.h>
| int
| main ()
| {
| XtMalloc (0)
|   ;
|   return 0;
| }
configure:3472: result: no
configure:4660: checking for main in -lbz2
configure:4684: gcc -o conftest -warpup -O2 -mcpu=750 -mmultiple -I/gg/os-includeppc -I/usr/local/include -L/usr/local/lib -L/gg/ppc-amigaos/lib conftest.c -lbz2   >&5
configure:4690: $? = 0
configure:4694: test -z 
			 || test ! -s conftest.err
configure:4697: $? = 0
configure:4700: test -s conftest
configure:4703: $? = 0
configure:4716: result: yes
configure:4757: checking ogg/ogg.h usability
configure:4769: gcc -c -warpup -O2 -mcpu=750 -mmultiple -I/gg/os-includeppc -I/usr/local/include -L/usr/local/lib conftest.c >&5
configure:4775: $? = 0
configure:4779: test -z 
			 || test ! -s conftest.err
configure:4782: $? = 0
configure:4785: test -s conftest.o
configure:4788: $? = 0
configure:4798: result: yes
configure:4802: checking ogg/ogg.h presence
configure:4812: gcc -E -I/gg/os-includeppc -I/usr/local/include -L/usr/local/lib conftest.c
configure:4818: $? = 0
configure:4838: result: yes
configure:4873: checking for ogg/ogg.h
configure:4880: result: yes
configure:4909: checking vorbis/vorbisfile.h usability
configure:4921: gcc -c -warpup -O2 -mcpu=750 -mmultiple -I/gg/os-includeppc -I/usr/local/include -L/usr/local/lib conftest.c >&5
configure:4927: $? = 0
configure:4931: test -z 
			 || test ! -s conftest.err
configure:4934: $? = 0
configure:4937: test -s conftest.o
configure:4940: $? = 0
configure:4950: result: yes
configure:4954: checking vorbis/vorbisfile.h presence
configure:4964: gcc -E -I/gg/os-includeppc -I/usr/local/include -L/usr/local/lib conftest.c
configure:4970: $? = 0
configure:4990: result: yes
configure:5025: checking for vorbis/vorbisfile.h
configure:5032: result: yes
configure:5078: checking mikmod.h usability
configure:5090: gcc -c -warpup -O2 -mcpu=750 -mmultiple -I/gg/os-includeppc -I/usr/local/include -L/usr/local/lib conftest.c >&5
configure:5096: $? = 0
configure:5100: test -z 
			 || test ! -s conftest.err
configure:5103: $? = 0
configure:5106: test -s conftest.o
configure:5109: $? = 0
configure:5119: result: yes
configure:5123: checking mikmod.h presence
configure:5133: gcc -E -I/gg/os-includeppc -I/usr/local/include -L/usr/local/lib conftest.c
configure:5139: $? = 0
configure:5159: result: yes
configure:5194: checking for mikmod.h
configure:5201: result: yes
configure:5295: checking for lua-config
configure:5324: result: no
configure:5295: checking for lua-config50
configure:5324: result: no
configure:5295: checking for luaconfig5.0
configure:5324: result: no
configure:5341: checking for lua_getfenv in -llua
configure:5371: gcc -o conftest -warpup -O2 -mcpu=750 -mmultiple -I/gg/os-includeppc -I/usr/local/include -L/usr/local/lib -L/gg/ppc-amigaos/lib conftest.c -llua -lm  >&5
configure:5377: $? = 0
configure:5381: test -z 
			 || test ! -s conftest.err
configure:5384: $? = 0
configure:5387: test -s conftest
configure:5390: $? = 0
configure:5403: result: yes
configure:5551: checking for luaopen_base in -llualib
configure:5581: gcc -o conftest -warpup -O2 -mcpu=750 -mmultiple -I/gg/os-includeppc -I/usr/local/include -L/usr/local/lib -L/gg/ppc-amigaos/lib conftest.c -llualib  -llua -lm  >&5
configure:5587: $? = 0
configure:5591: test -z 
			 || test ! -s conftest.err
configure:5594: $? = 0
configure:5597: test -s conftest
configure:5600: $? = 0
configure:5613: result: yes
configure:5911: creating ./config.status

## ---------------------- ##
## Running config.status. ##
## ---------------------- ##

This file was extended by config.status, which was
generated by GNU Autoconf 2.58.  Invocation command line was

  CONFIG_FILES    = 
  CONFIG_HEADERS  = 
  CONFIG_LINKS    = 
  CONFIG_COMMANDS = 
  $ ./config.status 

on MorphMini

config.status:666: creating Rules.make

## ---------------- ##
## Cache variables. ##
## ---------------- ##

ac_cv_c_compiler_gnu=yes
ac_cv_env_CC_set=
ac_cv_env_CC_value=
ac_cv_env_CFLAGS_set=set
ac_cv_env_CFLAGS_value='-warpup -O2 -mcpu=750 -mmultiple'
ac_cv_env_CPPFLAGS_set=set
ac_cv_env_CPPFLAGS_value=-I/gg/os-includeppc
ac_cv_env_CPP_set=
ac_cv_env_CPP_value=
ac_cv_env_LDFLAGS_set=set
ac_cv_env_LDFLAGS_value=-L/gg/ppc-amigaos/lib
ac_cv_env_build_alias_set=
ac_cv_env_build_alias_value=
ac_cv_env_host_alias_set=
ac_cv_env_host_alias_value=
ac_cv_env_target_alias_set=
ac_cv_env_target_alias_value=
ac_cv_exeext=
ac_cv_have_x=have_x=no
ac_cv_header_inttypes_h=yes
ac_cv_header_memory_h=yes
ac_cv_header_mikmod_h=yes
ac_cv_header_ogg_ogg_h=yes
ac_cv_header_png_h=yes
ac_cv_header_stdc=no
ac_cv_header_stdint_h=yes
ac_cv_header_stdlib_h=yes
ac_cv_header_string_h=yes
ac_cv_header_strings_h=yes
ac_cv_header_sys_stat_h=yes
ac_cv_header_sys_types_h=yes
ac_cv_header_unistd_h=yes
ac_cv_header_vorbis_vorbisfile_h=yes
ac_cv_header_zlib_h=yes
ac_cv_lib_bz2_main=yes
ac_cv_lib_lua_lua_getfenv=yes
ac_cv_lib_lualib_luaopen_base=yes
ac_cv_objext=o
ac_cv_prog_CPP='gcc -E'
ac_cv_prog_SDLCONFIG=sdl-config
ac_cv_prog_ac_ct_CC=gcc
ac_cv_prog_cc_g=yes
ac_cv_prog_cc_stdc=
ac_cv_prog_egrep='grep -E'

## ----------------- ##
## Output variables. ##
## ----------------- ##

ARCH='linux'
BZ2_CFLAGS='-DUSE_BZ2LIB'
BZ2_LIBS='-lbz2'
CC='gcc'
CDAUDIO_CFLAGS=''
CDAUDIO_LIBS=''
CFLAGS='-warpup -O2 -mcpu=750 -mmultiple'
CPP='gcc -E'
CPPFLAGS='-I/gg/os-includeppc -I/usr/local/include -L/usr/local/lib'
DEBUG_CFLAGS='-O2 -pipe -fsigned-char -fomit-frame-pointer -fexpensive-optimizations -ffast-math'
DEFS='-DPACKAGE_NAME=\"\" -DPACKAGE_TARNAME=\"\" -DPACKAGE_VERSION=\"\" -DPACKAGE_STRING=\"\" -DPACKAGE_BUGREPORT=\"\" -DHAVE_SYS_TYPES_H=1 -DHAVE_SYS_STAT_H=1 -DHAVE_STDLIB_H=1 -DHAVE_STRING_H=1 -DHAVE_MEMORY_H=1 -DHAVE_STRINGS_H=1 -DHAVE_INTTYPES_H=1 -DHAVE_STDINT_H=1 -DHAVE_UNISTD_H=1 -DHAVE_ZLIB_H=1 -DHAVE_PNG_H=1 -DX_DISPLAY_MISSING=1 -DHAVE_OGG_OGG_H=1 -DHAVE_VORBIS_VORBISFILE_H=1 -DHAVE_MIKMOD_H=1 '
ECHO_C=''ECHO_N=''
ECHO_T=''
EGREP='grep -E'
EXE=''
EXEEXT=''
EXTRA_CFLAGS=''
EXTRA_LIBS=''
FLAC_CFLAGS=''
FLAC_LIBS=''
LDFLAGS='-L/gg/ppc-amigaos/lib'
LIBOBJS=''
LIBS=''
LTLIBOBJS=''
LUACONFIG=''
LUA_CFLAGS=''
LUA_LIBS=' -llua -llualib -lm'
MAD_CFLAGS=''
MAD_LIBS=''
MIKMOD_CFLAGS='-DUSE_MIKMOD'
MIKMOD_LIBS='-lmikmod'
OBJDIR='obj'
OBJEXT='o'
OE='o'
OGG_CFLAGS='-DUSE_OGG'
OGG_LIBS='-lvorbisfile -lvorbis -logg'
OUTFILE='$(TOPDIR)/stratagus$(EXE)'
PACKAGE_BUGREPORT=''
PACKAGE_NAME=''
PACKAGE_STRING=''
PACKAGE_TARNAME=''
PACKAGE_VERSION=''
PATH_SEPARATOR=':'
PLATFORM=''
PREFIX='/usr/local'
PROFILE_CFLAGS=''
SDLCONFIG='sdl-config'
SHELL='/bin/sh'
STATIC_LDFLAGS=''
THREAD_LIBS=''
VIDEO_CFLAGS='-DUSE_SDL -Igg:os-includeppc/SDL -I/gg/os-includeppc/SDL -DUSE_OPENGL'
VIDEO_LIBS='-L/lib -lSDL_wos -lSDL_mixer -lpng -ljpeg -lz -lSDL_Image -lGL'
X_CFLAGS=''
X_EXTRA_LIBS=''
X_LIBS=''
X_PRE_LIBS=''
ac_ct_CC='gcc'
bindir='${exec_prefix}/bin'
build_alias=''
datadir='${prefix}/share'
exec_prefix='${prefix}'
host_alias=''
includedir='${prefix}/include'
infodir='${prefix}/info'
libdir='${exec_prefix}/lib'
libexecdir='${exec_prefix}/libexec'
localstatedir='${prefix}/var'
mandir='${prefix}/man'
oldincludedir='/usr/include'
prefix='/usr/local'
program_transform_name='s,x,x,'
sbindir='${exec_prefix}/sbin'
sharedstatedir='${prefix}/com'
sysconfdir='${prefix}/etc'
target_alias=''

## ----------- ##
## confdefs.h. ##
## ----------- ##

#define HAVE_INTTYPES_H 1
#define HAVE_MEMORY_H 1
#define HAVE_MIKMOD_H 1
#define HAVE_OGG_OGG_H 1
#define HAVE_PNG_H 1
#define HAVE_STDINT_H 1
#define HAVE_STDLIB_H 1
#define HAVE_STRINGS_H 1
#define HAVE_STRING_H 1
#define HAVE_SYS_STAT_H 1
#define HAVE_SYS_TYPES_H 1
#define HAVE_UNISTD_H 1
#define HAVE_VORBIS_VORBISFILE_H 1
#define HAVE_ZLIB_H 1
#define PACKAGE_BUGREPORT ""
#define PACKAGE_NAME ""
#define PACKAGE_STRING ""
#define PACKAGE_TARNAME ""
#define PACKAGE_VERSION ""
#define X_DISPLAY_MISSING 1

configure: exit 0
